<?xml version="1.0" encoding="UTF-8"?>
<!-- Generated by org.testng.reporters.JUnitXMLReporter -->
<testsuite hostname="DESKTOP-3GNVT0U" ignored="0" name="Default test" tests="3" failures="0" timestamp="09 Apr 2021 12:05:10 GMT" time="582.604" errors="0">
  <testcase name="actions_testing" time="361.552" classname="com.qa.testcases.ExpenseReportTestcases"/>
  <testcase name="form_test" time="66.75" classname="com.qa.testcases.ExpenseReportTestcases"/>
  <testcase name="expense_validations" time="114.496" classname="com.qa.testcases.ExpenseReportTestcases"/>
</testsuite> <!-- Default test -->
