<?xml version="1.0" encoding="UTF-8"?>
<testng-results skipped="0" failed="0" ignored="0" total="3" passed="3">
  <reporter-output>
  </reporter-output>
  <suite name="Default suite" duration-ms="582604" started-at="2021-04-09T11:55:28Z" finished-at="2021-04-09T12:05:10Z">
    <groups>
    </groups>
    <test name="Default test" duration-ms="582604" started-at="2021-04-09T11:55:28Z" finished-at="2021-04-09T12:05:10Z">
      <class name="com.qa.testcases.ExpenseReportTestcases">
        <test-method status="PASS" signature="setExtent()[pri:0, instance:com.qa.testcases.ExpenseReportTestcases@6adede5]" name="setExtent" is-config="true" duration-ms="283" started-at="2021-04-09T11:55:28Z" finished-at="2021-04-09T11:55:28Z">
          <reporter-output>
          </reporter-output>
        </test-method> <!-- setExtent -->
        <test-method status="PASS" signature="setUp()[pri:0, instance:com.qa.testcases.ExpenseReportTestcases@6adede5]" name="setUp" is-config="true" duration-ms="12911" started-at="2021-04-09T11:55:28Z" finished-at="2021-04-09T11:55:41Z">
          <reporter-output>
          </reporter-output>
        </test-method> <!-- setUp -->
        <test-method status="PASS" signature="actions_testing()[pri:1, instance:com.qa.testcases.ExpenseReportTestcases@6adede5]" name="actions_testing" duration-ms="361552" started-at="2021-04-09T11:55:41Z" finished-at="2021-04-09T12:01:42Z">
          <reporter-output>
          </reporter-output>
        </test-method> <!-- actions_testing -->
        <test-method status="PASS" signature="tearDown(org.testng.ITestResult)[pri:0, instance:com.qa.testcases.ExpenseReportTestcases@6adede5]" name="tearDown" is-config="true" duration-ms="2" started-at="2021-04-09T12:01:42Z" finished-at="2021-04-09T12:01:42Z">
          <params>
            <param index="0">
              <value>
                <![CDATA[[TestResult name=actions_testing status=SUCCESS method=ExpenseReportTestcases.actions_testing()[pri:1, instance:com.qa.testcases.ExpenseReportTestcases@6adede5] output={null}]]]>
              </value>
            </param>
          </params>
          <reporter-output>
          </reporter-output>
        </test-method> <!-- tearDown -->
        <test-method status="PASS" signature="setUp()[pri:0, instance:com.qa.testcases.ExpenseReportTestcases@6adede5]" name="setUp" is-config="true" duration-ms="10915" started-at="2021-04-09T12:01:42Z" finished-at="2021-04-09T12:01:53Z">
          <reporter-output>
          </reporter-output>
        </test-method> <!-- setUp -->
        <test-method status="PASS" signature="form_test()[pri:2, instance:com.qa.testcases.ExpenseReportTestcases@6adede5]" name="form_test" duration-ms="66750" started-at="2021-04-09T12:01:53Z" finished-at="2021-04-09T12:03:00Z">
          <reporter-output>
          </reporter-output>
        </test-method> <!-- form_test -->
        <test-method status="PASS" signature="tearDown(org.testng.ITestResult)[pri:0, instance:com.qa.testcases.ExpenseReportTestcases@6adede5]" name="tearDown" is-config="true" duration-ms="0" started-at="2021-04-09T12:03:00Z" finished-at="2021-04-09T12:03:00Z">
          <params>
            <param index="0">
              <value>
                <![CDATA[[TestResult name=form_test status=SUCCESS method=ExpenseReportTestcases.form_test()[pri:2, instance:com.qa.testcases.ExpenseReportTestcases@6adede5] output={null}]]]>
              </value>
            </param>
          </params>
          <reporter-output>
          </reporter-output>
        </test-method> <!-- tearDown -->
        <test-method status="PASS" signature="setUp()[pri:0, instance:com.qa.testcases.ExpenseReportTestcases@6adede5]" name="setUp" is-config="true" duration-ms="11651" started-at="2021-04-09T12:03:00Z" finished-at="2021-04-09T12:03:12Z">
          <reporter-output>
          </reporter-output>
        </test-method> <!-- setUp -->
        <test-method status="PASS" signature="expense_validations()[pri:3, instance:com.qa.testcases.ExpenseReportTestcases@6adede5]" name="expense_validations" duration-ms="114496" started-at="2021-04-09T12:03:12Z" finished-at="2021-04-09T12:05:06Z">
          <reporter-output>
          </reporter-output>
        </test-method> <!-- expense_validations -->
        <test-method status="PASS" signature="tearDown(org.testng.ITestResult)[pri:0, instance:com.qa.testcases.ExpenseReportTestcases@6adede5]" name="tearDown" is-config="true" duration-ms="0" started-at="2021-04-09T12:05:06Z" finished-at="2021-04-09T12:05:06Z">
          <params>
            <param index="0">
              <value>
                <![CDATA[[TestResult name=expense_validations status=SUCCESS method=ExpenseReportTestcases.expense_validations()[pri:3, instance:com.qa.testcases.ExpenseReportTestcases@6adede5] output={null}]]]>
              </value>
            </param>
          </params>
          <reporter-output>
          </reporter-output>
        </test-method> <!-- tearDown -->
        <test-method status="PASS" signature="endReport()[pri:0, instance:com.qa.testcases.ExpenseReportTestcases@6adede5]" name="endReport" is-config="true" duration-ms="4014" started-at="2021-04-09T12:05:06Z" finished-at="2021-04-09T12:05:10Z">
          <reporter-output>
          </reporter-output>
        </test-method> <!-- endReport -->
      </class> <!-- com.qa.testcases.ExpenseReportTestcases -->
    </test> <!-- Default test -->
  </suite> <!-- Default suite -->
</testng-results>
